2025-07-17 12:12:14.224 INFO  [Test worker] c.b.B.BackEndApplicationTests - Starting BackEndApplicationTests using Java 17.0.12 with PID 67835 (started by oscarloha in /Users/oscarloha/Desktop/proyectoBS/ElBuenSabor-backend-PF25/BackEnd)
2025-07-17 12:12:14.233 DEBUG [Test worker] c.b.B.BackEndApplicationTests - Running with Spring Boot v3.4.5, Spring v6.2.6
2025-07-17 12:12:14.234 INFO  [Test worker] c.b.B.BackEndApplicationTests - No active profile set, falling back to 1 default profile: "default"
2025-07-17 12:12:15.052 INFO  [Test worker] o.s.d.r.c.RepositoryConfigurationDelegate - Bootstrapping Spring Data JPA repositories in DEFAULT mode.
2025-07-17 12:12:15.160 INFO  [Test worker] o.s.d.r.c.RepositoryConfigurationDelegate - Finished Spring Data repository scanning in 101 ms. Found 34 JPA repository interfaces.
2025-07-17 12:12:15.514 INFO  [Test worker] o.h.j.internal.util.LogHelper - HHH000204: Processing PersistenceUnitInfo [name: default]
2025-07-17 12:12:15.558 INFO  [Test worker] org.hibernate.Version - HHH000412: Hibernate ORM core version 6.6.13.Final
2025-07-17 12:12:15.587 INFO  [Test worker] o.h.c.i.RegionFactoryInitiator - HHH000026: Second-level cache disabled
2025-07-17 12:12:15.647 INFO  [Test worker] o.h.e.b.i.EnversServiceImpl - Envers integration enabled? : true
2025-07-17 12:12:15.769 INFO  [Test worker] o.s.o.j.p.SpringPersistenceUnitInfo - No LoadTimeWeaver setup: ignoring JPA class transformer
2025-07-17 12:12:15.791 INFO  [Test worker] c.z.hikari.HikariDataSource - HikariPool-1 - Starting...
2025-07-17 12:12:16.114 INFO  [Test worker] c.z.hikari.pool.HikariPool - HikariPool-1 - Added connection com.mysql.cj.jdbc.ConnectionImpl@25c6ab3f
2025-07-17 12:12:16.116 INFO  [Test worker] c.z.hikari.HikariDataSource - HikariPool-1 - Start completed.
2025-07-17 12:12:16.182 WARN  [Test worker] org.hibernate.orm.deprecation - HHH90000025: MySQLDialect does not need to be specified explicitly using 'hibernate.dialect' (remove the property setting and it will be selected by default)
2025-07-17 12:12:16.202 INFO  [Test worker] o.h.orm.connections.pooling - HHH10001005: Database info:
	Database JDBC URL [Connecting through datasource 'HikariDataSource (HikariPool-1)']
	Database driver: undefined/unknown
	Database version: 8.0.20
	Autocommit mode: undefined/unknown
	Isolation level: undefined/unknown
	Minimum pool size: undefined/unknown
	Maximum pool size: undefined/unknown
2025-07-17 12:12:17.768 INFO  [Test worker] o.h.e.t.j.p.i.JtaPlatformInitiator - HHH000489: No JTA platform available (set 'hibernate.transaction.jta.platform' to enable JTA platform integration)
2025-07-17 12:12:18.351 INFO  [Test worker] o.s.o.j.LocalContainerEntityManagerFactoryBean - Initialized JPA EntityManagerFactory for persistence unit 'default'
2025-07-17 12:12:18.754 INFO  [Test worker] o.s.d.j.r.q.QueryEnhancerFactory - Hibernate is in classpath; If applicable, HQL parser will be used.
2025-07-17 12:12:20.395 WARN  [Test worker] o.s.b.a.o.j.JpaBaseConfiguration$JpaWebConfiguration - spring.jpa.open-in-view is enabled by default. Therefore, database queries may be performed during view rendering. Explicitly configure spring.jpa.open-in-view to disable this warning
2025-07-17 12:12:20.432 INFO  [Test worker] o.s.v.b.OptionalValidatorFactoryBean - Failed to set up a Bean Validation provider: jakarta.validation.NoProviderFoundException: Unable to create a Configuration, because no Jakarta Bean Validation provider could be found. Add a provider like Hibernate Validator (RI) to your classpath.
2025-07-17 12:12:20.809 INFO  [Test worker] c.b.B.BackEndApplicationTests - Started BackEndApplicationTests in 6.904 seconds (process running for 8.348)
2025-07-17 12:12:21.366 INFO  [SpringApplicationShutdownHook] o.s.o.j.LocalContainerEntityManagerFactoryBean - Closing JPA EntityManagerFactory for persistence unit 'default'
2025-07-17 12:12:21.369 INFO  [SpringApplicationShutdownHook] c.z.hikari.HikariDataSource - HikariPool-1 - Shutdown initiated...
2025-07-17 12:12:21.375 INFO  [SpringApplicationShutdownHook] c.z.hikari.HikariDataSource - HikariPool-1 - Shutdown completed.
